This is XeTeX, Version 3.1415926-2.5-0.9999.3 (MiKTeX 2.9) (preloaded format=xelatex 2014.2.25)  14 MAY 2014 23:01
entering extended mode
**bm-vita-sub-education.tex
("F:\My Documents\My UW\Benefits\Tenure\bm-vita\bm-vita-sub-education.tex"
LaTeX2e <2011/06/27>
Babel <v3.8m> and hyphenation patterns for english, afrikaans, ancientgreek, ar
abic, armenian, assamese, basque, bengali, bokmal, bulgarian, catalan, coptic, 
croatian, czech, danish, dutch, esperanto, estonian, farsi, finnish, french, ga
lician, german, german-x-2013-05-26, greek, gujarati, hindi, hungarian, iceland
ic, indonesian, interlingua, irish, italian, kannada, kurmanji, latin, latvian,
 lithuanian, malayalam, marathi, mongolian, mongolianlmc, monogreek, ngerman, n
german-x-2013-05-26, nynorsk, oriya, panjabi, pinyin, polish, portuguese, roman
ian, russian, sanskrit, serbian, slovak, slovenian, spanish, swedish, swissgerm
an, tamil, telugu, turkish, turkmen, ukenglish, ukrainian, uppersorbian, usengl
ishmax, welsh, loaded.
! Undefined control sequence.
l.1 \marginhead
               {\sffamily {{\vskip -0.35em} education}}
The control sequence at the end of the top line
of your error message was never \def'ed. If you have
misspelled it (e.g., `\hobx'), type `I' and the correct
spelling (e.g., `I\hbox'). Otherwise just continue,
and I'll forget about whatever was undefined.

Requested font "cmss10" at 10.0pt

! LaTeX Error: Missing \begin{document}.

See the LaTeX manual or LaTeX Companion for explanation.
Type  H <return>  for immediate help.
 ...                                              
                                                  
l.1 \marginhead{\sffamily {{\vskip -0.35em} e
                                             ducation}}
You're in trouble here.  Try typing  <return>  to proceed.
If that doesn't work, type  X <return>  to quit.


Overfull \hbox (60.19449pt too wide) in paragraph at lines 1--2
[]\OT1/cmss/m/n/10 education 
 []

! Undefined control sequence.
l.3 \ind
         Ph.D., Archaeology and Natural History, Australian National Univers...
The control sequence at the end of the top line
of your error message was never \def'ed. If you have
misspelled it (e.g., `\hobx'), type `I' and the correct
spelling (e.g., `I\hbox'). Otherwise just continue,
and I'll forget about whatever was undefined.


! LaTeX Error: Missing \begin{document}.

See the LaTeX manual or LaTeX Companion for explanation.
Type  H <return>  for immediate help.
 ...                                              
                                                  
l.3 \ind P
          h.D., Archaeology and Natural History, Australian National Univers...

You're in trouble here.  Try typing  <return>  to proceed.
If that doesn't work, type  X <return>  to quit.

Missing character: There is no P in font nullfont!
Missing character: There is no h in font nullfont!
Missing character: There is no . in font nullfont!
Missing character: There is no D in font nullfont!
Missing character: There is no . in font nullfont!
Missing character: There is no , in font nullfont!
Missing character: There is no A in font nullfont!
Missing character: There is no r in font nullfont!
Missing character: There is no c in font nullfont!
Missing character: There is no h in font nullfont!
Missing character: There is no a in font nullfont!
Missing character: There is no e in font nullfont!
Missing character: There is no o in font nullfont!
Missing character: There is no l in font nullfont!
Missing character: There is no o in font nullfont!
Missing character: There is no g in font nullfont!
Missing character: There is no y in font nullfont!
Missing character: There is no a in font nullfont!
Missing character: There is no n in font nullfont!
Missing character: There is no d in font nullfont!
Missing character: There is no N in font nullfont!
Missing character: There is no a in font nullfont!
Missing character: There is no t in font nullfont!
Missing character: There is no u in font nullfont!
Missing character: There is no r in font nullfont!
Missing character: There is no a in font nullfont!
Missing character: There is no l in font nullfont!
Missing character: There is no H in font nullfont!
Missing character: There is no i in font nullfont!
Missing character: There is no s in font nullfont!
Missing character: There is no t in font nullfont!
Missing character: There is no o in font nullfont!
Missing character: There is no r in font nullfont!
Missing character: There is no y in font nullfont!
Missing character: There is no , in font nullfont!
Missing character: There is no A in font nullfont!
Missing character: There is no u in font nullfont!
Missing character: There is no s in font nullfont!
Missing character: There is no t in font nullfont!
Missing character: There is no r in font nullfont!
Missing character: There is no a in font nullfont!
Missing character: There is no l in font nullfont!
Missing character: There is no i in font nullfont!
Missing character: There is no a in font nullfont!
Missing character: There is no n in font nullfont!
Missing character: There is no N in font nullfont!
Missing character: There is no a in font nullfont!
Missing character: There is no t in font nullfont!
Missing character: There is no i in font nullfont!
Missing character: There is no o in font nullfont!
Missing character: There is no n in font nullfont!
Missing character: There is no a in font nullfont!
Missing character: There is no l in font nullfont!
Missing character: There is no U in font nullfont!
Missing character: There is no n in font nullfont!
Missing character: There is no i in font nullfont!
Missing character: There is no v in font nullfont!
Missing character: There is no e in font nullfont!
Missing character: There is no r in font nullfont!
Missing character: There is no s in font nullfont!
Missing character: There is no i in font nullfont!
Missing character: There is no t in font nullfont!
Missing character: There is no y in font nullfont!
Missing character: There is no , in font nullfont!
Missing character: There is no 2 in font nullfont!
Missing character: There is no 0 in font nullfont!
Missing character: There is no 0 in font nullfont!
Missing character: There is no 8 in font nullfont!
Missing character: There is no . in font nullfont!

Overfull \hbox (20.0pt too wide) in paragraph at lines 3--4
[]
 []


! LaTeX Error: Environment Spacing undefined.

See the LaTeX manual or LaTeX Companion for explanation.
Type  H <return>  for immediate help.
 ...                                              
                                                  
l.6 \begin{Spacing}
                   {0.75}
Your command was ignored.
Type  I <command> <return>  to replace it with another command,
or  <return>  to continue without it.


! LaTeX Error: Missing \begin{document}.

See the LaTeX manual or LaTeX Companion for explanation.
Type  H <return>  for immediate help.
 ...                                              
                                                  
l.6 \begin{Spacing}{0
                     .75}
You're in trouble here.  Try typing  <return>  to proceed.
If that doesn't work, type  X <return>  to quit.

Missing character: There is no 0 in font nullfont!
Missing character: There is no . in font nullfont!
Missing character: There is no 7 in font nullfont!
Missing character: There is no 5 in font nullfont!
! Undefined control sequence.
l.7 \ind
         \hspace{0.35in}
The control sequence at the end of the top line
of your error message was never \def'ed. If you have
misspelled it (e.g., `\hobx'), type `I' and the correct
spelling (e.g., `I\hbox'). Otherwise just continue,
and I'll forget about whatever was undefined.

! Undefined control sequence.
l.8 \footnotesize
                  {Dissertation: \emph{\href{http://dx.doi.org/10.6084/m9.fi...
The control sequence at the end of the top line
of your error message was never \def'ed. If you have
misspelled it (e.g., `\hobx'), type `I' and the correct
spelling (e.g., `I\hbox'). Otherwise just continue,
and I'll forget about whatever was undefined.

Missing character: There is no D in font nullfont!
Missing character: There is no i in font nullfont!
Missing character: There is no s in font nullfont!
Missing character: There is no s in font nullfont!
Missing character: There is no e in font nullfont!
Missing character: There is no r in font nullfont!
Missing character: There is no t in font nullfont!
Missing character: There is no a in font nullfont!
Missing character: There is no t in font nullfont!
Missing character: There is no i in font nullfont!
Missing character: There is no o in font nullfont!
Missing character: There is no n in font nullfont!
Missing character: There is no : in font nullfont!
Requested font "cmti10" at 10.0pt
! Undefined control sequence.
<recently read> \href 
                      
l.8 ...at two rockshelters in Northwest Thailand}}
                                                  } \normalsize \vspace{0.05in}
The control sequence at the end of the top line
of your error message was never \def'ed. If you have
misspelled it (e.g., `\hobx'), type `I' and the correct
spelling (e.g., `I\hbox'). Otherwise just continue,
and I'll forget about whatever was undefined.


! LaTeX Error: The font size command \normalsize is not defined:
               there is probably something wrong with the class file.

See the LaTeX manual or LaTeX Companion for explanation.
Type  H <return>  for immediate help.
 ...                                              
                                                  
l.8 ...elters in Northwest Thailand}}} \normalsize
                                                   \vspace{0.05in}
Your command was ignored.
Type  I <command> <return>  to replace it with another command,
or  <return>  to continue without it.


! LaTeX Error: \begin{document} ended by \end{Spacing}.

See the LaTeX manual or LaTeX Companion for explanation.
Type  H <return>  for immediate help.
 ...                                              
                                                  
l.9  \end{Spacing}
                  
Your command was ignored.
Type  I <command> <return>  to replace it with another command,
or  <return>  to continue without it.


Overfull \hbox (20.0pt too wide) in paragraph at lines 6--10
[]
 []


Overfull \hbox (223.9042pt too wide) in paragraph at lines 6--10
\OT1/cmr/m/it/10 http://dx.doi.org/10.6084/m9.figshare.765252Stone
 []


Overfull \hbox (20.8276pt too wide) in paragraph at lines 6--10
\OT1/cmr/m/it/10 arte-
 []


Overfull \hbox (20.18875pt too wide) in paragraph at lines 6--10
\OT1/cmr/m/it/10 facts
 []


Overfull \hbox (15.84436pt too wide) in paragraph at lines 6--10
\OT1/cmr/m/it/10 and
 []


Overfull \hbox (14.05547pt too wide) in paragraph at lines 6--10
\OT1/cmr/m/it/10 hu-
 []


Overfull \hbox (18.91101pt too wide) in paragraph at lines 6--10
\OT1/cmr/m/it/10 man
 []


Overfull \hbox (19.42204pt too wide) in paragraph at lines 6--10
\OT1/cmr/m/it/10 ecol-
 []


Overfull \hbox (14.05544pt too wide) in paragraph at lines 6--10
\OT1/cmr/m/it/10 ogy
 []


Overfull \hbox (8.43327pt too wide) in paragraph at lines 6--10
\OT1/cmr/m/it/10 at
 []


Overfull \hbox (15.07768pt too wide) in paragraph at lines 6--10
\OT1/cmr/m/it/10 two
 []


Overfull \hbox (21.08313pt too wide) in paragraph at lines 6--10
\OT1/cmr/m/it/10 rock-
 []


Overfull \hbox (19.9332pt too wide) in paragraph at lines 6--10
\OT1/cmr/m/it/10 shel-
 []


Overfull \hbox (16.22765pt too wide) in paragraph at lines 6--10
\OT1/cmr/m/it/10 ters
 []


Overfull \hbox (8.68884pt too wide) in paragraph at lines 6--10
\OT1/cmr/m/it/10 in
 []


Overfull \hbox (28.77202pt too wide) in paragraph at lines 6--10
\OT1/cmr/m/it/10 North-
 []


Overfull \hbox (18.65543pt too wide) in paragraph at lines 6--10
\OT1/cmr/m/it/10 west
 []


Overfull \hbox (24.02206pt too wide) in paragraph at lines 6--10
\OT1/cmr/m/it/10 Thai-
 []


Overfull \hbox (18.3999pt too wide) in paragraph at lines 6--10
\OT1/cmr/m/it/10 land
 []

! Undefined control sequence.
l.11 \ind
          M.A., Archaeology, University of Western Australia, 2002.
The control sequence at the end of the top line
of your error message was never \def'ed. If you have
misspelled it (e.g., `\hobx'), type `I' and the correct
spelling (e.g., `I\hbox'). Otherwise just continue,
and I'll forget about whatever was undefined.


! LaTeX Error: Missing \begin{document}.

See the LaTeX manual or LaTeX Companion for explanation.
Type  H <return>  for immediate help.
 ...                                              
                                                  
l.11 \ind M
           .A., Archaeology, University of Western Australia, 2002.
You're in trouble here.  Try typing  <return>  to proceed.
If that doesn't work, type  X <return>  to quit.

Missing character: There is no M in font nullfont!
Missing character: There is no . in font nullfont!
Missing character: There is no A in font nullfont!
Missing character: There is no . in font nullfont!
Missing character: There is no , in font nullfont!
Missing character: There is no A in font nullfont!
Missing character: There is no r in font nullfont!
Missing character: There is no c in font nullfont!
Missing character: There is no h in font nullfont!
Missing character: There is no a in font nullfont!
Missing character: There is no e in font nullfont!
Missing character: There is no o in font nullfont!
Missing character: There is no l in font nullfont!
Missing character: There is no o in font nullfont!
Missing character: There is no g in font nullfont!
Missing character: There is no y in font nullfont!
Missing character: There is no , in font nullfont!
Missing character: There is no U in font nullfont!
Missing character: There is no n in font nullfont!
Missing character: There is no i in font nullfont!
Missing character: There is no v in font nullfont!
Missing character: There is no e in font nullfont!
Missing character: There is no r in font nullfont!
Missing character: There is no s in font nullfont!
Missing character: There is no i in font nullfont!
Missing character: There is no t in font nullfont!
Missing character: There is no y in font nullfont!
Missing character: There is no o in font nullfont!
Missing character: There is no f in font nullfont!
Missing character: There is no W in font nullfont!
Missing character: There is no e in font nullfont!
Missing character: There is no s in font nullfont!
Missing character: There is no t in font nullfont!
Missing character: There is no e in font nullfont!
Missing character: There is no r in font nullfont!
Missing character: There is no n in font nullfont!
Missing character: There is no A in font nullfont!
Missing character: There is no u in font nullfont!
Missing character: There is no s in font nullfont!
Missing character: There is no t in font nullfont!
Missing character: There is no r in font nullfont!
Missing character: There is no a in font nullfont!
Missing character: There is no l in font nullfont!
Missing character: There is no i in font nullfont!
Missing character: There is no a in font nullfont!
Missing character: There is no , in font nullfont!
Missing character: There is no 2 in font nullfont!
Missing character: There is no 0 in font nullfont!
Missing character: There is no 0 in font nullfont!
Missing character: There is no 2 in font nullfont!
Missing character: There is no . in font nullfont!

Overfull \hbox (20.0pt too wide) in paragraph at lines 11--12
[]
 []


! LaTeX Error: Environment Spacing undefined.

See the LaTeX manual or LaTeX Companion for explanation.
Type  H <return>  for immediate help.
 ...                                              
                                                  
l.14 \begin{Spacing}
                    {0.75}
Your command was ignored.
Type  I <command> <return>  to replace it with another command,
or  <return>  to continue without it.


! LaTeX Error: Missing \begin{document}.

See the LaTeX manual or LaTeX Companion for explanation.
Type  H <return>  for immediate help.
 ...                                              
                                                  
l.14 \begin{Spacing}{0
                      .75}
You're in trouble here.  Try typing  <return>  to proceed.
If that doesn't work, type  X <return>  to quit.

Missing character: There is no 0 in font nullfont!
Missing character: There is no . in font nullfont!
Missing character: There is no 7 in font nullfont!
Missing character: There is no 5 in font nullfont!
! Undefined control sequence.
l.15 \ind
          \hspace{0.35in} \footnotesize Dissertation: \emph{\href{http://dx....
The control sequence at the end of the top line
of your error message was never \def'ed. If you have
misspelled it (e.g., `\hobx'), type `I' and the correct
spelling (e.g., `I\hbox'). Otherwise just continue,
and I'll forget about whatever was undefined.

! Undefined control sequence.
l.15 \ind \hspace{0.35in} \footnotesize
                                        Dissertation: \emph{\href{http://dx....
The control sequence at the end of the top line
of your error message was never \def'ed. If you have
misspelled it (e.g., `\hobx'), type `I' and the correct
spelling (e.g., `I\hbox'). Otherwise just continue,
and I'll forget about whatever was undefined.

Missing character: There is no D in font nullfont!
Missing character: There is no i in font nullfont!
Missing character: There is no s in font nullfont!
Missing character: There is no s in font nullfont!
Missing character: There is no e in font nullfont!
Missing character: There is no r in font nullfont!
Missing character: There is no t in font nullfont!
Missing character: There is no a in font nullfont!
Missing character: There is no t in font nullfont!
Missing character: There is no i in font nullfont!
Missing character: There is no o in font nullfont!
Missing character: There is no n in font nullfont!
Missing character: There is no : in font nullfont!
! Undefined control sequence.
<recently read> \href 
                      
l.15 ... Time and Space on the Hamersley Plateau}}
                                                   \normalsize \vspace{0.05in}
The control sequence at the end of the top line
of your error message was never \def'ed. If you have
misspelled it (e.g., `\hobx'), type `I' and the correct
spelling (e.g., `I\hbox'). Otherwise just continue,
and I'll forget about whatever was undefined.


! LaTeX Error: The font size command \normalsize is not defined:
               there is probably something wrong with the class file.

See the LaTeX manual or LaTeX Companion for explanation.
Type  H <return>  for immediate help.
 ...                                              
                                                  
l.15 ...ace on the Hamersley Plateau}} \normalsize
                                                   \vspace{0.05in}
Your command was ignored.
Type  I <command> <return>  to replace it with another command,
or  <return>  to continue without it.


! LaTeX Error: \begin{document} ended by \end{Spacing}.

See the LaTeX manual or LaTeX Companion for explanation.
Type  H <return>  for immediate help.
 ...                                              
                                                  
l.16  \end{Spacing}
                   
Your command was ignored.
Type  I <command> <return>  to replace it with another command,
or  <return>  to continue without it.


Overfull \hbox (20.0pt too wide) in paragraph at lines 14--17
[]
 []


Overfull \hbox (199.62659pt too wide) in paragraph at lines 14--17
\OT1/cmr/m/it/10 http://dx.doi.org/10.6084/m9.figshare.765251
 []


Overfull \hbox (13.05547pt too wide) in paragraph at lines 14--17
\OT1/cmr/m/it/10 In-
 []


Overfull \hbox (18.3999pt too wide) in paragraph at lines 14--17
\OT1/cmr/m/it/10 land
 []


Overfull \hbox (15.98323pt too wide) in paragraph at lines 14--17
\OT1/cmr/m/it/10 Pil-
 []


Overfull \hbox (18.01651pt too wide) in paragraph at lines 14--17
\OT1/cmr/m/it/10 bara
 []


Overfull \hbox (14.97209pt too wide) in paragraph at lines 14--17
\OT1/cmr/m/it/10 Ar-
 []


Overfull \hbox (22.99983pt too wide) in paragraph at lines 14--17
\OT1/cmr/m/it/10 chae-
 []


Overfull \hbox (11.24437pt too wide) in paragraph at lines 14--17
\OT1/cmr/m/it/10 ol-
 []


Overfull \hbox (17.12209pt too wide) in paragraph at lines 14--17
\OT1/cmr/m/it/10 ogy:
 []


Overfull \hbox (7.43329pt too wide) in paragraph at lines 14--17
\OT1/cmr/m/it/10 A
 []


Overfull \hbox (24.27762pt too wide) in paragraph at lines 14--17
\OT1/cmr/m/it/10 Study
 []


Overfull \hbox (8.17773pt too wide) in paragraph at lines 14--17
\OT1/cmr/m/it/10 of
 []


Overfull \hbox (22.63873pt too wide) in paragraph at lines 14--17
\OT1/cmr/m/it/10 Vari-
 []


Overfull \hbox (8.68883pt too wide) in paragraph at lines 14--17
\OT1/cmr/m/it/10 a-
 []


Overfull \hbox (17.12212pt too wide) in paragraph at lines 14--17
\OT1/cmr/m/it/10 tion
 []


Overfull \hbox (8.68884pt too wide) in paragraph at lines 14--17
\OT1/cmr/m/it/10 in
 []


Overfull \hbox (19.95538pt too wide) in paragraph at lines 14--17
\OT1/cmr/m/it/10 Abo-
 []


Overfull \hbox (15.46098pt too wide) in paragraph at lines 14--17
\OT1/cmr/m/it/10 rig-
 []


Overfull \hbox (6.6444pt too wide) in paragraph at lines 14--17
\OT1/cmr/m/it/10 i-
 []


Overfull \hbox (13.28882pt too wide) in paragraph at lines 14--17
\OT1/cmr/m/it/10 nal
 []


Overfull \hbox (15.84433pt too wide) in paragraph at lines 14--17
\OT1/cmr/m/it/10 Oc-
 []


Overfull \hbox (13.54434pt too wide) in paragraph at lines 14--17
\OT1/cmr/m/it/10 cu-
 []


Overfull \hbox (13.28879pt too wide) in paragraph at lines 14--17
\OT1/cmr/m/it/10 pa-
 []


Overfull \hbox (17.12212pt too wide) in paragraph at lines 14--17
\OT1/cmr/m/it/10 tion
 []


Overfull \hbox (18.52763pt too wide) in paragraph at lines 14--17
\OT1/cmr/m/it/10 over
 []


Overfull \hbox (22.99985pt too wide) in paragraph at lines 14--17
\OT1/cmr/m/it/10 Time
 []


Overfull \hbox (15.84436pt too wide) in paragraph at lines 14--17
\OT1/cmr/m/it/10 and
 []


Overfull \hbox (24.02203pt too wide) in paragraph at lines 14--17
\OT1/cmr/m/it/10 Space
 []


Overfull \hbox (10.73328pt too wide) in paragraph at lines 14--17
\OT1/cmr/m/it/10 on
 []


Overfull \hbox (13.03323pt too wide) in paragraph at lines 14--17
\OT1/cmr/m/it/10 the
 []


Overfull \hbox (33.11644pt too wide) in paragraph at lines 14--17
\OT1/cmr/m/it/10 Hamer-
 []


Overfull \hbox (7.66661pt too wide) in paragraph at lines 14--17
\OT1/cmr/m/it/10 s-
 []


Overfull \hbox (12.01102pt too wide) in paragraph at lines 14--17
\OT1/cmr/m/it/10 ley
 []


Overfull \hbox (32.33867pt too wide) in paragraph at lines 14--17
\OT1/cmr/m/it/10 Plateau
 []

! Undefined control sequence.
l.18 \ind
          B.A. (Hons.), First Class, University of Western Australia, 1999.
The control sequence at the end of the top line
of your error message was never \def'ed. If you have
misspelled it (e.g., `\hobx'), type `I' and the correct
spelling (e.g., `I\hbox'). Otherwise just continue,
and I'll forget about whatever was undefined.


! LaTeX Error: Missing \begin{document}.

See the LaTeX manual or LaTeX Companion for explanation.
Type  H <return>  for immediate help.
 ...                                              
                                                  
l.18 \ind B
           .A. (Hons.), First Class, University of Western Australia, 1999.
You're in trouble here.  Try typing  <return>  to proceed.
If that doesn't work, type  X <return>  to quit.

Missing character: There is no B in font nullfont!
Missing character: There is no . in font nullfont!
Missing character: There is no A in font nullfont!
Missing character: There is no . in font nullfont!
Missing character: There is no ( in font nullfont!
Missing character: There is no H in font nullfont!
Missing character: There is no o in font nullfont!
Missing character: There is no n in font nullfont!
Missing character: There is no s in font nullfont!
Missing character: There is no . in font nullfont!
Missing character: There is no ) in font nullfont!
Missing character: There is no , in font nullfont!
Missing character: There is no F in font nullfont!
Missing character: There is no i in font nullfont!
Missing character: There is no r in font nullfont!
Missing character: There is no s in font nullfont!
Missing character: There is no t in font nullfont!
Missing character: There is no C in font nullfont!
Missing character: There is no l in font nullfont!
Missing character: There is no a in font nullfont!
Missing character: There is no s in font nullfont!
Missing character: There is no s in font nullfont!
Missing character: There is no , in font nullfont!
Missing character: There is no U in font nullfont!
Missing character: There is no n in font nullfont!
Missing character: There is no i in font nullfont!
Missing character: There is no v in font nullfont!
Missing character: There is no e in font nullfont!
Missing character: There is no r in font nullfont!
Missing character: There is no s in font nullfont!
Missing character: There is no i in font nullfont!
Missing character: There is no t in font nullfont!
Missing character: There is no y in font nullfont!
Missing character: There is no o in font nullfont!
Missing character: There is no f in font nullfont!
Missing character: There is no W in font nullfont!
Missing character: There is no e in font nullfont!
Missing character: There is no s in font nullfont!
Missing character: There is no t in font nullfont!
Missing character: There is no e in font nullfont!
Missing character: There is no r in font nullfont!
Missing character: There is no n in font nullfont!
Missing character: There is no A in font nullfont!
Missing character: There is no u in font nullfont!
Missing character: There is no s in font nullfont!
Missing character: There is no t in font nullfont!
Missing character: There is no r in font nullfont!
Missing character: There is no a in font nullfont!
Missing character: There is no l in font nullfont!
Missing character: There is no i in font nullfont!
Missing character: There is no a in font nullfont!
Missing character: There is no , in font nullfont!
Missing character: There is no 1 in font nullfont!
Missing character: There is no 9 in font nullfont!
Missing character: There is no 9 in font nullfont!
Missing character: There is no 9 in font nullfont!
Missing character: There is no . in font nullfont!
)
! Emergency stop.
<*> bm-vita-sub-education.tex
                             
*** (job aborted, no legal \end found)

 
Here is how much of TeX's memory you used:
 13 strings out of 429025
 230 string characters out of 3166798
 48509 words of memory out of 3000000
 3372 multiletter control sequences out of 15000+200000
 4291 words of font info for 16 fonts, out of 3000000 for 9000
 912 hyphenation exceptions out of 8191
 14i,1n,10p,300b,77s stack positions out of 5000i,500n,10000p,200000b,50000s
No pages of output.
